Analysis & Synthesis report for rsa_rfid
Sun Nov 13 18:24:32 2022
Quartus Prime Version 21.1.0 Build 842 10/21/2021 SJ Lite Edition


---------------------
; Table of Contents ;
---------------------
  1. Legal Notice
  2. Analysis & Synthesis Summary
  3. Analysis & Synthesis Settings
  4. Parallel Compilation
  5. Analysis & Synthesis Messages
  6. Analysis & Synthesis Suppressed Messages



----------------
; Legal Notice ;
----------------
Copyright (C) 2021  Intel Corporation. All rights reserved.
Your use of Intel Corporation's design tools, logic functions 
and other software and tools, and any partner logic 
functions, and any output files from any of the foregoing 
(including device programming or simulation files), and any 
associated documentation or information are expressly subject 
to the terms and conditions of the Intel Program License 
Subscription Agreement, the Intel Quartus Prime License Agreement,
the Intel FPGA IP License Agreement, or other applicable license
agreement, including, without limitation, that your use is for
the sole purpose of programming logic devices manufactured by
Intel and sold by Intel or its authorized distributors.  Please
refer to the applicable agreement for further details, at
https://fpgasoftware.intel.com/eula.



+----------------------------------------------------------------------------------+
; Analysis & Synthesis Summary                                                     ;
+------------------------------------+---------------------------------------------+
; Analysis & Synthesis Status        ; Failed - Sun Nov 13 18:24:32 2022           ;
; Quartus Prime Version              ; 21.1.0 Build 842 10/21/2021 SJ Lite Edition ;
; Revision Name                      ; rsa_rfid                                    ;
; Top-level Entity Name              ; rsa_rfid                                    ;
; Family                             ; MAX 10                                      ;
; Total logic elements               ; N/A until Partition Merge                   ;
;     Total combinational functions  ; N/A until Partition Merge                   ;
;     Dedicated logic registers      ; N/A until Partition Merge                   ;
; Total registers                    ; N/A until Partition Merge                   ;
; Total pins                         ; N/A until Partition Merge                   ;
; Total virtual pins                 ; N/A until Partition Merge                   ;
; Total memory bits                  ; N/A until Partition Merge                   ;
; Embedded Multiplier 9-bit elements ; N/A until Partition Merge                   ;
; Total PLLs                         ; N/A until Partition Merge                   ;
; UFM blocks                         ; N/A until Partition Merge                   ;
; ADC blocks                         ; N/A until Partition Merge                   ;
+------------------------------------+---------------------------------------------+


+------------------------------------------------------------------------------------------------------------+
; Analysis & Synthesis Settings                                                                              ;
+------------------------------------------------------------------+--------------------+--------------------+
; Option                                                           ; Setting            ; Default Value      ;
+------------------------------------------------------------------+--------------------+--------------------+
; Device                                                           ; 10M50DAF484C6GES   ;                    ;
; Top-level entity name                                            ; rsa_rfid           ; rsa_rfid           ;
; Family name                                                      ; MAX 10             ; Cyclone V          ;
; Use smart compilation                                            ; Off                ; Off                ;
; Enable parallel Assembler and Timing Analyzer during compilation ; On                 ; On                 ;
; Enable compact report table                                      ; Off                ; Off                ;
; Restructure Multiplexers                                         ; Auto               ; Auto               ;
; Create Debugging Nodes for IP Cores                              ; Off                ; Off                ;
; Preserve fewer node names                                        ; On                 ; On                 ;
; Intel FPGA IP Evaluation Mode                                    ; Enable             ; Enable             ;
; Verilog Version                                                  ; Verilog_2001       ; Verilog_2001       ;
; VHDL Version                                                     ; VHDL_1993          ; VHDL_1993          ;
; State Machine Processing                                         ; Auto               ; Auto               ;
; Safe State Machine                                               ; Off                ; Off                ;
; Extract Verilog State Machines                                   ; On                 ; On                 ;
; Extract VHDL State Machines                                      ; On                 ; On                 ;
; Ignore Verilog initial constructs                                ; Off                ; Off                ;
; Iteration limit for constant Verilog loops                       ; 5000               ; 5000               ;
; Iteration limit for non-constant Verilog loops                   ; 250                ; 250                ;
; Add Pass-Through Logic to Inferred RAMs                          ; On                 ; On                 ;
; Infer RAMs from Raw Logic                                        ; On                 ; On                 ;
; Parallel Synthesis                                               ; On                 ; On                 ;
; DSP Block Balancing                                              ; Auto               ; Auto               ;
; NOT Gate Push-Back                                               ; On                 ; On                 ;
; Power-Up Don't Care                                              ; On                 ; On                 ;
; Remove Redundant Logic Cells                                     ; Off                ; Off                ;
; Remove Duplicate Registers                                       ; On                 ; On                 ;
; Ignore CARRY Buffers                                             ; Off                ; Off                ;
; Ignore CASCADE Buffers                                           ; Off                ; Off                ;
; Ignore GLOBAL Buffers                                            ; Off                ; Off                ;
; Ignore ROW GLOBAL Buffers                                        ; Off                ; Off                ;
; Ignore LCELL Buffers                                             ; Off                ; Off                ;
; Ignore SOFT Buffers                                              ; On                 ; On                 ;
; Limit AHDL Integers to 32 Bits                                   ; Off                ; Off                ;
; Optimization Technique                                           ; Balanced           ; Balanced           ;
; Carry Chain Length                                               ; 70                 ; 70                 ;
; Auto Carry Chains                                                ; On                 ; On                 ;
; Auto Open-Drain Pins                                             ; On                 ; On                 ;
; Perform WYSIWYG Primitive Resynthesis                            ; Off                ; Off                ;
; Auto ROM Replacement                                             ; On                 ; On                 ;
; Auto RAM Replacement                                             ; On                 ; On                 ;
; Auto DSP Block Replacement                                       ; On                 ; On                 ;
; Auto Shift Register Replacement                                  ; Auto               ; Auto               ;
; Allow Shift Register Merging across Hierarchies                  ; Auto               ; Auto               ;
; Auto Clock Enable Replacement                                    ; On                 ; On                 ;
; Strict RAM Replacement                                           ; Off                ; Off                ;
; Allow Synchronous Control Signals                                ; On                 ; On                 ;
; Force Use of Synchronous Clear Signals                           ; Off                ; Off                ;
; Auto RAM Block Balancing                                         ; On                 ; On                 ;
; Auto RAM to Logic Cell Conversion                                ; Off                ; Off                ;
; Auto Resource Sharing                                            ; Off                ; Off                ;
; Allow Any RAM Size For Recognition                               ; Off                ; Off                ;
; Allow Any ROM Size For Recognition                               ; Off                ; Off                ;
; Allow Any Shift Register Size For Recognition                    ; Off                ; Off                ;
; Use LogicLock Constraints during Resource Balancing              ; On                 ; On                 ;
; Ignore translate_off and synthesis_off directives                ; Off                ; Off                ;
; Timing-Driven Synthesis                                          ; On                 ; On                 ;
; Report Parameter Settings                                        ; On                 ; On                 ;
; Report Source Assignments                                        ; On                 ; On                 ;
; Report Connectivity Checks                                       ; On                 ; On                 ;
; Ignore Maximum Fan-Out Assignments                               ; Off                ; Off                ;
; Synchronization Register Chain Length                            ; 2                  ; 2                  ;
; Power Optimization During Synthesis                              ; Normal compilation ; Normal compilation ;
; HDL message level                                                ; Level2             ; Level2             ;
; Suppress Register Optimization Related Messages                  ; Off                ; Off                ;
; Number of Removed Registers Reported in Synthesis Report         ; 5000               ; 5000               ;
; Number of Swept Nodes Reported in Synthesis Report               ; 5000               ; 5000               ;
; Number of Inverted Registers Reported in Synthesis Report        ; 100                ; 100                ;
; Clock MUX Protection                                             ; On                 ; On                 ;
; Auto Gated Clock Conversion                                      ; Off                ; Off                ;
; Block Design Naming                                              ; Auto               ; Auto               ;
; SDC constraint protection                                        ; Off                ; Off                ;
; Synthesis Effort                                                 ; Auto               ; Auto               ;
; Shift Register Replacement - Allow Asynchronous Clear Signal     ; On                 ; On                 ;
; Pre-Mapping Resynthesis Optimization                             ; Off                ; Off                ;
; Analysis & Synthesis Message Level                               ; Medium             ; Medium             ;
; Disable Register Merging Across Hierarchies                      ; Auto               ; Auto               ;
; Resource Aware Inference For Block RAM                           ; On                 ; On                 ;
+------------------------------------------------------------------+--------------------+--------------------+


+------------------------------------------+
; Parallel Compilation                     ;
+----------------------------+-------------+
; Processors                 ; Number      ;
+----------------------------+-------------+
; Number detected on machine ; 8           ;
; Maximum allowed            ; 4           ;
;                            ;             ;
; Average used               ; 1.00        ;
; Maximum used               ; 1           ;
;                            ;             ;
; Usage by Processor         ; % Time Used ;
;     Processor 1            ; 100.0%      ;
+----------------------------+-------------+


+-------------------------------+
; Analysis & Synthesis Messages ;
+-------------------------------+
Info: *******************************************************************
Info: Running Quartus Prime Analysis & Synthesis
    Info: Version 21.1.0 Build 842 10/21/2021 SJ Lite Edition
    Info: Processing started: Sun Nov 13 18:24:11 2022
Info: Command: quartus_map --read_settings_files=on --write_settings_files=off rsa_rfid -c rsa_rfid
Warning (18236): Number of processors has not been specified which may cause overloading on shared machines.  Set the global assignment NUM_PARALLEL_PROCESSORS in your QSF to an appropriate value for best performance.
Info (20030): Parallel compilation is enabled and will use 4 of the 4 processors detected
Info (12021): Found 1 design units, including 1 entities, in source file de10_lite_golden_top.v
    Info (12023): Found entity 1: DE10_LITE_Golden_Top File: D:/Users/Hayan/Desktop/FBJA/RSA/EE460/rsa_rfid/DE10_LITE_Golden_Top.v Line: 29
Info (12021): Found 1 design units, including 1 entities, in source file rsa_rfid.v
    Info (12023): Found entity 1: rsa_rfid File: D:/Users/Hayan/Desktop/FBJA/RSA/EE460/rsa_rfid/rsa_rfid.v Line: 1
Info (12021): Found 1 design units, including 1 entities, in source file mux2to1.v
    Info (12023): Found entity 1: mux2to1 File: D:/Users/Hayan/Desktop/FBJA/RSA/EE460/rsa_rfid/mux2to1.v Line: 1
Info (12127): Elaborating entity "rsa_rfid" for the top level hierarchy
Warning (12125): Using design file datapath.v, which is not specified as a design file for the current project, but contains definitions for 1 design units and 1 entities in project
    Info (12023): Found entity 1: dataPath File: D:/Users/Hayan/Desktop/FBJA/RSA/EE460/rsa_rfid/datapath.v Line: 1
Info (12128): Elaborating entity "dataPath" for hierarchy "dataPath:DP" File: D:/Users/Hayan/Desktop/FBJA/RSA/EE460/rsa_rfid/rsa_rfid.v Line: 21
Info (12128): Elaborating entity "mux2to1" for hierarchy "dataPath:DP|mux2to1:loadInpMux" File: D:/Users/Hayan/Desktop/FBJA/RSA/EE460/rsa_rfid/datapath.v Line: 25
Warning (12125): Using design file encrypt_decrypt.v, which is not specified as a design file for the current project, but contains definitions for 1 design units and 1 entities in project
    Info (12023): Found entity 1: encrypt_decrypt File: D:/Users/Hayan/Desktop/FBJA/RSA/EE460/rsa_rfid/encrypt_decrypt.v Line: 3
Info (12128): Elaborating entity "encrypt_decrypt" for hierarchy "dataPath:DP|encrypt_decrypt:encrypt_decrypt_state_machine" File: D:/Users/Hayan/Desktop/FBJA/RSA/EE460/rsa_rfid/datapath.v Line: 39
Warning (10230): Verilog HDL assignment warning at encrypt_decrypt.v(58): truncated value with size 32 to match size of target (16) File: D:/Users/Hayan/Desktop/FBJA/RSA/EE460/rsa_rfid/encrypt_decrypt.v Line: 58
Warning (12125): Using design file divider64.v, which is not specified as a design file for the current project, but contains definitions for 1 design units and 1 entities in project
    Info (12023): Found entity 1: divider64 File: D:/Users/Hayan/Desktop/FBJA/RSA/EE460/rsa_rfid/divider64.v Line: 40
Info (12128): Elaborating entity "divider64" for hierarchy "dataPath:DP|encrypt_decrypt:encrypt_decrypt_state_machine|divider64:base_squared_mod_modulo" File: D:/Users/Hayan/Desktop/FBJA/RSA/EE460/rsa_rfid/encrypt_decrypt.v Line: 43
Info (12128): Elaborating entity "lpm_divide" for hierarchy "dataPath:DP|encrypt_decrypt:encrypt_decrypt_state_machine|divider64:base_squared_mod_modulo|lpm_divide:LPM_DIVIDE_component" File: D:/Users/Hayan/Desktop/FBJA/RSA/EE460/rsa_rfid/divider64.v Line: 65
Info (12130): Elaborated megafunction instantiation "dataPath:DP|encrypt_decrypt:encrypt_decrypt_state_machine|divider64:base_squared_mod_modulo|lpm_divide:LPM_DIVIDE_component" File: D:/Users/Hayan/Desktop/FBJA/RSA/EE460/rsa_rfid/divider64.v Line: 65
Info (12133): Instantiated megafunction "dataPath:DP|encrypt_decrypt:encrypt_decrypt_state_machine|divider64:base_squared_mod_modulo|lpm_divide:LPM_DIVIDE_component" with the following parameter: File: D:/Users/Hayan/Desktop/FBJA/RSA/EE460/rsa_rfid/divider64.v Line: 65
    Info (12134): Parameter "lpm_drepresentation" = "UNSIGNED"
    Info (12134): Parameter "lpm_hint" = "MAXIMIZE_SPEED=6,LPM_REMAINDERPOSITIVE=TRUE"
    Info (12134): Parameter "lpm_nrepresentation" = "UNSIGNED"
    Info (12134): Parameter "lpm_pipeline" = "20"
    Info (12134): Parameter "lpm_type" = "LPM_DIVIDE"
    Info (12134): Parameter "lpm_widthd" = "64"
    Info (12134): Parameter "lpm_widthn" = "64"
Info (12021): Found 1 design units, including 1 entities, in source file db/lpm_divide_mou.tdf
    Info (12023): Found entity 1: lpm_divide_mou File: D:/Users/Hayan/Desktop/FBJA/RSA/EE460/rsa_rfid/db/lpm_divide_mou.tdf Line: 25
Info (12128): Elaborating entity "lpm_divide_mou" for hierarchy "dataPath:DP|encrypt_decrypt:encrypt_decrypt_state_machine|divider64:base_squared_mod_modulo|lpm_divide:LPM_DIVIDE_component|lpm_divide_mou:auto_generated" File: c:/intelfpga_lite/21.1/quartus/libraries/megafunctions/lpm_divide.tdf Line: 148
Info (12021): Found 1 design units, including 1 entities, in source file db/sign_div_unsign_iai.tdf
    Info (12023): Found entity 1: sign_div_unsign_iai File: D:/Users/Hayan/Desktop/FBJA/RSA/EE460/rsa_rfid/db/sign_div_unsign_iai.tdf Line: 25
Info (12128): Elaborating entity "sign_div_unsign_iai" for hierarchy "dataPath:DP|encrypt_decrypt:encrypt_decrypt_state_machine|divider64:base_squared_mod_modulo|lpm_divide:LPM_DIVIDE_component|lpm_divide_mou:auto_generated|sign_div_unsign_iai:divider" File: D:/Users/Hayan/Desktop/FBJA/RSA/EE460/rsa_rfid/db/lpm_divide_mou.tdf Line: 36
Info (12021): Found 1 design units, including 1 entities, in source file db/alt_u_div_f8f.tdf
    Info (12023): Found entity 1: alt_u_div_f8f File: D:/Users/Hayan/Desktop/FBJA/RSA/EE460/rsa_rfid/db/alt_u_div_f8f.tdf Line: 61
Info (12128): Elaborating entity "alt_u_div_f8f" for hierarchy "dataPath:DP|encrypt_decrypt:encrypt_decrypt_state_machine|divider64:base_squared_mod_modulo|lpm_divide:LPM_DIVIDE_component|lpm_divide_mou:auto_generated|sign_div_unsign_iai:divider|alt_u_div_f8f:divider" File: D:/Users/Hayan/Desktop/FBJA/RSA/EE460/rsa_rfid/db/sign_div_unsign_iai.tdf Line: 34
Info (12021): Found 1 design units, including 1 entities, in source file db/add_sub_t3c.tdf
    Info (12023): Found entity 1: add_sub_t3c File: D:/Users/Hayan/Desktop/FBJA/RSA/EE460/rsa_rfid/db/add_sub_t3c.tdf Line: 23
Info (12128): Elaborating entity "add_sub_t3c" for hierarchy "dataPath:DP|encrypt_decrypt:encrypt_decrypt_state_machine|divider64:base_squared_mod_modulo|lpm_divide:LPM_DIVIDE_component|lpm_divide_mou:auto_generated|sign_div_unsign_iai:divider|alt_u_div_f8f:divider|add_sub_t3c:add_sub_0" File: D:/Users/Hayan/Desktop/FBJA/RSA/EE460/rsa_rfid/db/alt_u_div_f8f.tdf Line: 77
Info (12021): Found 1 design units, including 1 entities, in source file db/add_sub_u3c.tdf
    Info (12023): Found entity 1: add_sub_u3c File: D:/Users/Hayan/Desktop/FBJA/RSA/EE460/rsa_rfid/db/add_sub_u3c.tdf Line: 23
Info (12128): Elaborating entity "add_sub_u3c" for hierarchy "dataPath:DP|encrypt_decrypt:encrypt_decrypt_state_machine|divider64:base_squared_mod_modulo|lpm_divide:LPM_DIVIDE_component|lpm_divide_mou:auto_generated|sign_div_unsign_iai:divider|alt_u_div_f8f:divider|add_sub_u3c:add_sub_1" File: D:/Users/Hayan/Desktop/FBJA/RSA/EE460/rsa_rfid/db/alt_u_div_f8f.tdf Line: 78
Warning (12125): Using design file controlunit.v, which is not specified as a design file for the current project, but contains definitions for 1 design units and 1 entities in project
    Info (12023): Found entity 1: controlUnit File: D:/Users/Hayan/Desktop/FBJA/RSA/EE460/rsa_rfid/controlunit.v Line: 1
Info (12128): Elaborating entity "controlUnit" for hierarchy "controlUnit:CU" File: D:/Users/Hayan/Desktop/FBJA/RSA/EE460/rsa_rfid/rsa_rfid.v Line: 22
Error (12006): Node instance "outDefValue" instantiates undefined entity "staticValue". Ensure that required library paths are specified correctly, define the specified entity, or change the instantiation. If this entity represents Intel FPGA or third-party IP, generate the synthesis files for the IP. File: D:/Users/Hayan/Desktop/FBJA/RSA/EE460/rsa_rfid/datapath.v Line: 23
Info (144001): Generated suppressed messages file D:/Users/Hayan/Desktop/FBJA/RSA/EE460/rsa_rfid/output_files/rsa_rfid.map.smsg
Error: Quartus Prime Analysis & Synthesis was unsuccessful. 1 error, 6 warnings
    Error: Peak virtual memory: 4887 megabytes
    Error: Processing ended: Sun Nov 13 18:24:32 2022
    Error: Elapsed time: 00:00:21
    Error: Total CPU time (on all processors): 00:00:42


+------------------------------------------+
; Analysis & Synthesis Suppressed Messages ;
+------------------------------------------+
The suppressed messages can be found in D:/Users/Hayan/Desktop/FBJA/RSA/EE460/rsa_rfid/output_files/rsa_rfid.map.smsg.


